<?xml version="1.0" encoding="UTF-8"?>
<!-- Generated by org.testng.reporters.JUnitReportReporter -->
<testsuite hostname="LAPTOP-DLMIEB18" failures="0" tests="2" name="test.com.itxps.CalculatorTest" time="0.003" errors="0" timestamp="1 Mar 2025 02:22:23 GMT">
  <testcase classname="test.com.itxps.CalculatorTest" name="testMul" time="0.000"/>
  <testcase classname="test.com.itxps.CalculatorTest" name="testAdd" time="0.003"/>
</testsuite> <!-- test.com.itxps.CalculatorTest -->
